{"uid":"50e6637481d23821","name":"User can expand and collapse tree step by step","fullName":"Main test.Test Elements Block.Test check box.test_step_expand_collapse.TestCheckbox#test_expand_collapse_tree","historyId":"351ecc65a27e5e552820c49ffc4fe9f8","time":{"start":1697477142735,"stop":1697477144798,"duration":2063},"description":"User can expand and collapse all levels subfolders step by step","descriptionHtml":"<p>User can expand and collapse all levels subfolders step by step</p>\n","status":"broken","statusMessage":"selenium.common.exceptions.ElementClickInterceptedException: Message: element click intercepted: Element <button aria-label=\"Toggle\" title=\"Toggle\" type=\"button\" class=\"rct-collapse rct-collapse-btn\">...</button> is not clickable at point (256, 581). Other element would receive the click: <iframe frameborder=\"0\" src=\"https://e8794d0ae2528431580e47a256cad959.safeframe.googlesyndication.com/safeframe/1-0-40/html/container.html\" id=\"google_ads_iframe_/21849154601,22343295815/Ad.Plus-Anchor_0\" title=\"3rd party ad content\" name=\"\" scrolling=\"no\" marginwidth=\"0\" marginheight=\"0\" width=\"728\" height=\"90\" data-is-safeframe=\"true\" sandbox=\"allow-forms allow-popups allow-popups-to-escape-sandbox allow-same-origin allow-scripts allow-top-navigation-by-user-activation\" role=\"region\" aria-label=\"Advertisement\" tabindex=\"0\" data-google-container-id=\"1\" style=\"border: 0px; vertical-align: bottom;\" data-load-complete=\"true\"></iframe>\n  (Session info: headless chrome=117.0.5938.132)\nStacktrace:\n#0 0x55de6f2e56b3 <unknown>\n#1 0x55de6efbb1e7 <unknown>\n#2 0x55de6f00865d <unknown>\n#3 0x55de6f0069fd <unknown>\n#4 0x55de6f0047b8 <unknown>\n#5 0x55de6f003827 <unknown>\n#6 0x55de6eff84f9 <unknown>\n#7 0x55de6f0240c2 <unknown>\n#8 0x55de6eff7f16 <unknown>\n#9 0x55de6f02428e <unknown>\n#10 0x55de6f03d322 <unknown>\n#11 0x55de6f023e93 <unknown>\n#12 0x55de6eff6934 <unknown>\n#13 0x55de6eff771e <unknown>\n#14 0x55de6f2aacb8 <unknown>\n#15 0x55de6f2aebf0 <unknown>\n#16 0x55de6f2b919c <unknown>\n#17 0x55de6f2af808 <unknown>\n#18 0x55de6f27c27f <unknown>\n#19 0x55de6f2d3e88 <unknown>\n#20 0x55de6f2d4059 <unknown>\n#21 0x55de6f2e4843 <unknown>\n#22 0x7ff488094b43 <unknown>","statusTrace":"self = <test_step_expand_collapse.TestCheckbox object at 0x7fc12245ad50>\nsetup = <selenium.webdriver.chrome.webdriver.WebDriver (session=\"05a8c5719f423d5f7ad65577e6aabe72\")>\n\n    @allure.epic('Checkbox expand testing')\n    @allure.title('User can expand and collapse tree step by step')\n    @allure.description(\"User can expand and collapse all levels subfolders step by step\")\n    def test_expand_collapse_tree(self, setup):\n        driver = setup\n    \n        with allure.step('Expand the first level tree (Home folder)'):\n            click_element(driver, 'xpath', buttons[\"home_folder\"])\n            assert expanded_folders_style in get_elements(driver, 'xpath', folders[\"home_folder\"])[0].get_attribute(\"class\")\n        allure.attach(driver.get_screenshot_as_png(), name='First level expanded tree (Home folder)')\n    \n        with allure.step('Expand the second level tree (Desktop folder)'):\n            click_element(driver, 'xpath', buttons[\"desktop_folder\"])\n            assert expanded_folders_style in get_elements(driver, 'xpath', folders[\"desktop_folder\"])[0].get_attribute(\"class\")\n        allure.attach(driver.get_screenshot_as_png(), name='Second level expanded tree (Desktop folder)')\n    \n        with allure.step('Expand the second level tree (Documents folder)'):\n            click_element(driver, 'xpath', buttons[\"documents_folder\"])\n            assert expanded_folders_style in get_elements(driver, 'xpath', folders[\"documents_folder\"])[0].get_attribute(\"class\")\n        allure.attach(driver.get_screenshot_as_png(), name='Second level expanded tree (Documents folder)')\n    \n        with allure.step('Expand the second level tree (Downloads folder)'):\n>           click_element(driver, 'xpath', buttons[\"downloads_folder\"])\n\nMain test/Test Elements Block/Test check box/test_step_expand_collapse.py:62: \n_ _ _ _ _ _ _ _ _ _ _ _ _ _ _ _ _ _ _ _ _ _ _ _ _ _ _ _ _ _ _ _ _ _ _ _ _ _ _ _ \nutils.py:53: in click_element\n    raise e\nutils.py:51: in click_element\n    element.click()\n/opt/hostedtoolcache/Python/3.11.5/x64/lib/python3.11/site-packages/selenium/webdriver/remote/webelement.py:93: in click\n    self._execute(Command.CLICK_ELEMENT)\n/opt/hostedtoolcache/Python/3.11.5/x64/lib/python3.11/site-packages/selenium/webdriver/remote/webelement.py:394: in _execute\n    return self._parent.execute(command, params)\n/opt/hostedtoolcache/Python/3.11.5/x64/lib/python3.11/site-packages/selenium/webdriver/remote/webdriver.py:344: in execute\n    self.error_handler.check_response(response)\n_ _ _ _ _ _ _ _ _ _ _ _ _ _ _ _ _ _ _ _ _ _ _ _ _ _ _ _ _ _ _ _ _ _ _ _ _ _ _ _ \n\nself = <selenium.webdriver.remote.errorhandler.ErrorHandler object at 0x7fc121390e10>\nresponse = {'status': 400, 'value': '{\"value\":{\"error\":\"element click intercepted\",\"message\":\"element click intercepted: Element ...\\\\n#20 0x55de6f2d4059 \\\\u003Cunknown>\\\\n#21 0x55de6f2e4843 \\\\u003Cunknown>\\\\n#22 0x7ff488094b43 \\\\u003Cunknown>\\\\n\"}}'}\n\n    def check_response(self, response: Dict[str, Any]) -> None:\n        \"\"\"Checks that a JSON response from the WebDriver does not have an\n        error.\n    \n        :Args:\n         - response - The JSON response from the WebDriver server as a dictionary\n           object.\n    \n        :Raises: If the response contains an error message.\n        \"\"\"\n        status = response.get(\"status\", None)\n        if not status or status == ErrorCode.SUCCESS:\n            return\n        value = None\n        message = response.get(\"message\", \"\")\n        screen: str = response.get(\"screen\", \"\")\n        stacktrace = None\n        if isinstance(status, int):\n            value_json = response.get(\"value\", None)\n            if value_json and isinstance(value_json, str):\n                import json\n    \n                try:\n                    value = json.loads(value_json)\n                    if len(value) == 1:\n                        value = value[\"value\"]\n                    status = value.get(\"error\", None)\n                    if not status:\n                        status = value.get(\"status\", ErrorCode.UNKNOWN_ERROR)\n                        message = value.get(\"value\") or value.get(\"message\")\n                        if not isinstance(message, str):\n                            value = message\n                            message = message.get(\"message\")\n                    else:\n                        message = value.get(\"message\", None)\n                except ValueError:\n                    pass\n    \n        exception_class: Type[WebDriverException]\n        e = ErrorCode()\n        error_codes = [item for item in dir(e) if not item.startswith(\"__\")]\n        for error_code in error_codes:\n            error_info = getattr(ErrorCode, error_code)\n            if isinstance(error_info, list) and status in error_info:\n                exception_class = getattr(ExceptionMapping, error_code, WebDriverException)\n                break\n        else:\n            exception_class = WebDriverException\n    \n        if not value:\n            value = response[\"value\"]\n        if isinstance(value, str):\n            raise exception_class(value)\n        if message == \"\" and \"message\" in value:\n            message = value[\"message\"]\n    \n        screen = None  # type: ignore[assignment]\n        if \"screen\" in value:\n            screen = value[\"screen\"]\n    \n        stacktrace = None\n        st_value = value.get(\"stackTrace\") or value.get(\"stacktrace\")\n        if st_value:\n            if isinstance(st_value, str):\n                stacktrace = st_value.split(\"\\n\")\n            else:\n                stacktrace = []\n                try:\n                    for frame in st_value:\n                        line = frame.get(\"lineNumber\", \"\")\n                        file = frame.get(\"fileName\", \"<anonymous>\")\n                        if line:\n                            file = f\"{file}:{line}\"\n                        meth = frame.get(\"methodName\", \"<anonymous>\")\n                        if \"className\" in frame:\n                            meth = f\"{frame['className']}.{meth}\"\n                        msg = \"    at %s (%s)\"\n                        msg = msg % (meth, file)\n                        stacktrace.append(msg)\n                except TypeError:\n                    pass\n        if exception_class == UnexpectedAlertPresentException:\n            alert_text = None\n            if \"data\" in value:\n                alert_text = value[\"data\"].get(\"text\")\n            elif \"alert\" in value:\n                alert_text = value[\"alert\"].get(\"text\")\n            raise exception_class(message, screen, stacktrace, alert_text)  # type: ignore[call-arg]  # mypy is not smart enough here\n>       raise exception_class(message, screen, stacktrace)\nE       selenium.common.exceptions.ElementClickInterceptedException: Message: element click intercepted: Element <button aria-label=\"Toggle\" title=\"Toggle\" type=\"button\" class=\"rct-collapse rct-collapse-btn\">...</button> is not clickable at point (256, 581). Other element would receive the click: <iframe frameborder=\"0\" src=\"https://e8794d0ae2528431580e47a256cad959.safeframe.googlesyndication.com/safeframe/1-0-40/html/container.html\" id=\"google_ads_iframe_/21849154601,22343295815/Ad.Plus-Anchor_0\" title=\"3rd party ad content\" name=\"\" scrolling=\"no\" marginwidth=\"0\" marginheight=\"0\" width=\"728\" height=\"90\" data-is-safeframe=\"true\" sandbox=\"allow-forms allow-popups allow-popups-to-escape-sandbox allow-same-origin allow-scripts allow-top-navigation-by-user-activation\" role=\"region\" aria-label=\"Advertisement\" tabindex=\"0\" data-google-container-id=\"1\" style=\"border: 0px; vertical-align: bottom;\" data-load-complete=\"true\"></iframe>\nE         (Session info: headless chrome=117.0.5938.132)\nE       Stacktrace:\nE       #0 0x55de6f2e56b3 <unknown>\nE       #1 0x55de6efbb1e7 <unknown>\nE       #2 0x55de6f00865d <unknown>\nE       #3 0x55de6f0069fd <unknown>\nE       #4 0x55de6f0047b8 <unknown>\nE       #5 0x55de6f003827 <unknown>\nE       #6 0x55de6eff84f9 <unknown>\nE       #7 0x55de6f0240c2 <unknown>\nE       #8 0x55de6eff7f16 <unknown>\nE       #9 0x55de6f02428e <unknown>\nE       #10 0x55de6f03d322 <unknown>\nE       #11 0x55de6f023e93 <unknown>\nE       #12 0x55de6eff6934 <unknown>\nE       #13 0x55de6eff771e <unknown>\nE       #14 0x55de6f2aacb8 <unknown>\nE       #15 0x55de6f2aebf0 <unknown>\nE       #16 0x55de6f2b919c <unknown>\nE       #17 0x55de6f2af808 <unknown>\nE       #18 0x55de6f27c27f <unknown>\nE       #19 0x55de6f2d3e88 <unknown>\nE       #20 0x55de6f2d4059 <unknown>\nE       #21 0x55de6f2e4843 <unknown>\nE       #22 0x7ff488094b43 <unknown>\n\n/opt/hostedtoolcache/Python/3.11.5/x64/lib/python3.11/site-packages/selenium/webdriver/remote/errorhandler.py:229: ElementClickInterceptedException","flaky":false,"newFailed":false,"newBroken":false,"newPassed":false,"retriesCount":0,"retriesStatusChange":false,"beforeStages":[{"name":"_session_faker","time":{"start":1697477114658,"stop":1697477114677,"duration":19},"status":"passed","steps":[],"attachments":[],"parameters":[],"attachmentsCount":0,"hasContent":false,"shouldDisplayMessage":false,"stepsCount":0},{"name":"setup","time":{"start":1697477139614,"stop":1697477142735,"duration":3121},"status":"passed","steps":[],"attachments":[],"parameters":[],"attachmentsCount":0,"hasContent":false,"shouldDisplayMessage":false,"stepsCount":0}],"testStage":{"description":"User can expand and collapse all levels subfolders step by step","status":"broken","statusMessage":"selenium.common.exceptions.ElementClickInterceptedException: Message: element click intercepted: Element <button aria-label=\"Toggle\" title=\"Toggle\" type=\"button\" class=\"rct-collapse rct-collapse-btn\">...</button> is not clickable at point (256, 581). Other element would receive the click: <iframe frameborder=\"0\" src=\"https://e8794d0ae2528431580e47a256cad959.safeframe.googlesyndication.com/safeframe/1-0-40/html/container.html\" id=\"google_ads_iframe_/21849154601,22343295815/Ad.Plus-Anchor_0\" title=\"3rd party ad content\" name=\"\" scrolling=\"no\" marginwidth=\"0\" marginheight=\"0\" width=\"728\" height=\"90\" data-is-safeframe=\"true\" sandbox=\"allow-forms allow-popups allow-popups-to-escape-sandbox allow-same-origin allow-scripts allow-top-navigation-by-user-activation\" role=\"region\" aria-label=\"Advertisement\" tabindex=\"0\" data-google-container-id=\"1\" style=\"border: 0px; vertical-align: bottom;\" data-load-complete=\"true\"></iframe>\n  (Session info: headless chrome=117.0.5938.132)\nStacktrace:\n#0 0x55de6f2e56b3 <unknown>\n#1 0x55de6efbb1e7 <unknown>\n#2 0x55de6f00865d <unknown>\n#3 0x55de6f0069fd <unknown>\n#4 0x55de6f0047b8 <unknown>\n#5 0x55de6f003827 <unknown>\n#6 0x55de6eff84f9 <unknown>\n#7 0x55de6f0240c2 <unknown>\n#8 0x55de6eff7f16 <unknown>\n#9 0x55de6f02428e <unknown>\n#10 0x55de6f03d322 <unknown>\n#11 0x55de6f023e93 <unknown>\n#12 0x55de6eff6934 <unknown>\n#13 0x55de6eff771e <unknown>\n#14 0x55de6f2aacb8 <unknown>\n#15 0x55de6f2aebf0 <unknown>\n#16 0x55de6f2b919c <unknown>\n#17 0x55de6f2af808 <unknown>\n#18 0x55de6f27c27f <unknown>\n#19 0x55de6f2d3e88 <unknown>\n#20 0x55de6f2d4059 <unknown>\n#21 0x55de6f2e4843 <unknown>\n#22 0x7ff488094b43 <unknown>","statusTrace":"self = <test_step_expand_collapse.TestCheckbox object at 0x7fc12245ad50>\nsetup = <selenium.webdriver.chrome.webdriver.WebDriver (session=\"05a8c5719f423d5f7ad65577e6aabe72\")>\n\n    @allure.epic('Checkbox expand testing')\n    @allure.title('User can expand and collapse tree step by step')\n    @allure.description(\"User can expand and collapse all levels subfolders step by step\")\n    def test_expand_collapse_tree(self, setup):\n        driver = setup\n    \n        with allure.step('Expand the first level tree (Home folder)'):\n            click_element(driver, 'xpath', buttons[\"home_folder\"])\n            assert expanded_folders_style in get_elements(driver, 'xpath', folders[\"home_folder\"])[0].get_attribute(\"class\")\n        allure.attach(driver.get_screenshot_as_png(), name='First level expanded tree (Home folder)')\n    \n        with allure.step('Expand the second level tree (Desktop folder)'):\n            click_element(driver, 'xpath', buttons[\"desktop_folder\"])\n            assert expanded_folders_style in get_elements(driver, 'xpath', folders[\"desktop_folder\"])[0].get_attribute(\"class\")\n        allure.attach(driver.get_screenshot_as_png(), name='Second level expanded tree (Desktop folder)')\n    \n        with allure.step('Expand the second level tree (Documents folder)'):\n            click_element(driver, 'xpath', buttons[\"documents_folder\"])\n            assert expanded_folders_style in get_elements(driver, 'xpath', folders[\"documents_folder\"])[0].get_attribute(\"class\")\n        allure.attach(driver.get_screenshot_as_png(), name='Second level expanded tree (Documents folder)')\n    \n        with allure.step('Expand the second level tree (Downloads folder)'):\n>           click_element(driver, 'xpath', buttons[\"downloads_folder\"])\n\nMain test/Test Elements Block/Test check box/test_step_expand_collapse.py:62: \n_ _ _ _ _ _ _ _ _ _ _ _ _ _ _ _ _ _ _ _ _ _ _ _ _ _ _ _ _ _ _ _ _ _ _ _ _ _ _ _ \nutils.py:53: in click_element\n    raise e\nutils.py:51: in click_element\n    element.click()\n/opt/hostedtoolcache/Python/3.11.5/x64/lib/python3.11/site-packages/selenium/webdriver/remote/webelement.py:93: in click\n    self._execute(Command.CLICK_ELEMENT)\n/opt/hostedtoolcache/Python/3.11.5/x64/lib/python3.11/site-packages/selenium/webdriver/remote/webelement.py:394: in _execute\n    return self._parent.execute(command, params)\n/opt/hostedtoolcache/Python/3.11.5/x64/lib/python3.11/site-packages/selenium/webdriver/remote/webdriver.py:344: in execute\n    self.error_handler.check_response(response)\n_ _ _ _ _ _ _ _ _ _ _ _ _ _ _ _ _ _ _ _ _ _ _ _ _ _ _ _ _ _ _ _ _ _ _ _ _ _ _ _ \n\nself = <selenium.webdriver.remote.errorhandler.ErrorHandler object at 0x7fc121390e10>\nresponse = {'status': 400, 'value': '{\"value\":{\"error\":\"element click intercepted\",\"message\":\"element click intercepted: Element ...\\\\n#20 0x55de6f2d4059 \\\\u003Cunknown>\\\\n#21 0x55de6f2e4843 \\\\u003Cunknown>\\\\n#22 0x7ff488094b43 \\\\u003Cunknown>\\\\n\"}}'}\n\n    def check_response(self, response: Dict[str, Any]) -> None:\n        \"\"\"Checks that a JSON response from the WebDriver does not have an\n        error.\n    \n        :Args:\n         - response - The JSON response from the WebDriver server as a dictionary\n           object.\n    \n        :Raises: If the response contains an error message.\n        \"\"\"\n        status = response.get(\"status\", None)\n        if not status or status == ErrorCode.SUCCESS:\n            return\n        value = None\n        message = response.get(\"message\", \"\")\n        screen: str = response.get(\"screen\", \"\")\n        stacktrace = None\n        if isinstance(status, int):\n            value_json = response.get(\"value\", None)\n            if value_json and isinstance(value_json, str):\n                import json\n    \n                try:\n                    value = json.loads(value_json)\n                    if len(value) == 1:\n                        value = value[\"value\"]\n                    status = value.get(\"error\", None)\n                    if not status:\n                        status = value.get(\"status\", ErrorCode.UNKNOWN_ERROR)\n                        message = value.get(\"value\") or value.get(\"message\")\n                        if not isinstance(message, str):\n                            value = message\n                            message = message.get(\"message\")\n                    else:\n                        message = value.get(\"message\", None)\n                except ValueError:\n                    pass\n    \n        exception_class: Type[WebDriverException]\n        e = ErrorCode()\n        error_codes = [item for item in dir(e) if not item.startswith(\"__\")]\n        for error_code in error_codes:\n            error_info = getattr(ErrorCode, error_code)\n            if isinstance(error_info, list) and status in error_info:\n                exception_class = getattr(ExceptionMapping, error_code, WebDriverException)\n                break\n        else:\n            exception_class = WebDriverException\n    \n        if not value:\n            value = response[\"value\"]\n        if isinstance(value, str):\n            raise exception_class(value)\n        if message == \"\" and \"message\" in value:\n            message = value[\"message\"]\n    \n        screen = None  # type: ignore[assignment]\n        if \"screen\" in value:\n            screen = value[\"screen\"]\n    \n        stacktrace = None\n        st_value = value.get(\"stackTrace\") or value.get(\"stacktrace\")\n        if st_value:\n            if isinstance(st_value, str):\n                stacktrace = st_value.split(\"\\n\")\n            else:\n                stacktrace = []\n                try:\n                    for frame in st_value:\n                        line = frame.get(\"lineNumber\", \"\")\n                        file = frame.get(\"fileName\", \"<anonymous>\")\n                        if line:\n                            file = f\"{file}:{line}\"\n                        meth = frame.get(\"methodName\", \"<anonymous>\")\n                        if \"className\" in frame:\n                            meth = f\"{frame['className']}.{meth}\"\n                        msg = \"    at %s (%s)\"\n                        msg = msg % (meth, file)\n                        stacktrace.append(msg)\n                except TypeError:\n                    pass\n        if exception_class == UnexpectedAlertPresentException:\n            alert_text = None\n            if \"data\" in value:\n                alert_text = value[\"data\"].get(\"text\")\n            elif \"alert\" in value:\n                alert_text = value[\"alert\"].get(\"text\")\n            raise exception_class(message, screen, stacktrace, alert_text)  # type: ignore[call-arg]  # mypy is not smart enough here\n>       raise exception_class(message, screen, stacktrace)\nE       selenium.common.exceptions.ElementClickInterceptedException: Message: element click intercepted: Element <button aria-label=\"Toggle\" title=\"Toggle\" type=\"button\" class=\"rct-collapse rct-collapse-btn\">...</button> is not clickable at point (256, 581). Other element would receive the click: <iframe frameborder=\"0\" src=\"https://e8794d0ae2528431580e47a256cad959.safeframe.googlesyndication.com/safeframe/1-0-40/html/container.html\" id=\"google_ads_iframe_/21849154601,22343295815/Ad.Plus-Anchor_0\" title=\"3rd party ad content\" name=\"\" scrolling=\"no\" marginwidth=\"0\" marginheight=\"0\" width=\"728\" height=\"90\" data-is-safeframe=\"true\" sandbox=\"allow-forms allow-popups allow-popups-to-escape-sandbox allow-same-origin allow-scripts allow-top-navigation-by-user-activation\" role=\"region\" aria-label=\"Advertisement\" tabindex=\"0\" data-google-container-id=\"1\" style=\"border: 0px; vertical-align: bottom;\" data-load-complete=\"true\"></iframe>\nE         (Session info: headless chrome=117.0.5938.132)\nE       Stacktrace:\nE       #0 0x55de6f2e56b3 <unknown>\nE       #1 0x55de6efbb1e7 <unknown>\nE       #2 0x55de6f00865d <unknown>\nE       #3 0x55de6f0069fd <unknown>\nE       #4 0x55de6f0047b8 <unknown>\nE       #5 0x55de6f003827 <unknown>\nE       #6 0x55de6eff84f9 <unknown>\nE       #7 0x55de6f0240c2 <unknown>\nE       #8 0x55de6eff7f16 <unknown>\nE       #9 0x55de6f02428e <unknown>\nE       #10 0x55de6f03d322 <unknown>\nE       #11 0x55de6f023e93 <unknown>\nE       #12 0x55de6eff6934 <unknown>\nE       #13 0x55de6eff771e <unknown>\nE       #14 0x55de6f2aacb8 <unknown>\nE       #15 0x55de6f2aebf0 <unknown>\nE       #16 0x55de6f2b919c <unknown>\nE       #17 0x55de6f2af808 <unknown>\nE       #18 0x55de6f27c27f <unknown>\nE       #19 0x55de6f2d3e88 <unknown>\nE       #20 0x55de6f2d4059 <unknown>\nE       #21 0x55de6f2e4843 <unknown>\nE       #22 0x7ff488094b43 <unknown>\n\n/opt/hostedtoolcache/Python/3.11.5/x64/lib/python3.11/site-packages/selenium/webdriver/remote/errorhandler.py:229: ElementClickInterceptedException","steps":[{"name":"Expand the first level tree (Home folder)","time":{"start":1697477142735,"stop":1697477142964,"duration":229},"status":"passed","steps":[],"attachments":[],"parameters":[],"attachmentsCount":0,"hasContent":false,"shouldDisplayMessage":false,"stepsCount":0},{"name":"Expand the second level tree (Desktop folder)","time":{"start":1697477143140,"stop":1697477143251,"duration":111},"status":"passed","steps":[],"attachments":[],"parameters":[],"attachmentsCount":0,"hasContent":false,"shouldDisplayMessage":false,"stepsCount":0},{"name":"Expand the second level tree (Documents folder)","time":{"start":1697477143407,"stop":1697477143509,"duration":102},"status":"passed","steps":[],"attachments":[],"parameters":[],"attachmentsCount":0,"hasContent":false,"shouldDisplayMessage":false,"stepsCount":0},{"name":"Expand the second level tree (Downloads folder)","time":{"start":1697477143671,"stop":1697477144795,"duration":1124},"status":"broken","statusMessage":"selenium.common.exceptions.ElementClickInterceptedException: Message: element click intercepted: Element <button aria-label=\"Toggle\" title=\"Toggle\" type=\"button\" class=\"rct-collapse rct-collapse-btn\">...</button> is not clickable at point (256, 581). Other element would receive the click: <iframe frameborder=\"0\" src=\"https://e8794d0ae2528431580e47a256cad959.safeframe.googlesyndication.com/safeframe/1-0-40/html/container.html\" id=\"google_ads_iframe_/21849154601,22343295815/Ad.Plus-Anchor_0\" title=\"3rd party ad content\" name=\"\" scrolling=\"no\" marginwidth=\"0\" marginheight=\"0\" width=\"728\" height=\"90\" data-is-safeframe=\"true\" sandbox=\"allow-forms allow-popups allow-popups-to-escape-sandbox allow-same-origin allow-scripts allow-top-navigation-by-user-activation\" role=\"region\" aria-label=\"Advertisement\" tabindex=\"0\" data-google-container-id=\"1\" style=\"border: 0px; vertical-align: bottom;\" data-load-complete=\"true\"></iframe>\n  (Session info: headless chrome=117.0.5938.132)\nStacktrace:\n#0 0x55de6f2e56b3 <unknown>\n#1 0x55de6efbb1e7 <unknown>\n#2 0x55de6f00865d <unknown>\n#3 0x55de6f0069fd <unknown>\n#4 0x55de6f0047b8 <unknown>\n#5 0x55de6f003827 <unknown>\n#6 0x55de6eff84f9 <unknown>\n#7 0x55de6f0240c2 <unknown>\n#8 0x55de6eff7f16 <unknown>\n#9 0x55de6f02428e <unknown>\n#10 0x55de6f03d322 <unknown>\n#11 0x55de6f023e93 <unknown>\n#12 0x55de6eff6934 <unknown>\n#13 0x55de6eff771e <unknown>\n#14 0x55de6f2aacb8 <unknown>\n#15 0x55de6f2aebf0 <unknown>\n#16 0x55de6f2b919c <unknown>\n#17 0x55de6f2af808 <unknown>\n#18 0x55de6f27c27f <unknown>\n#19 0x55de6f2d3e88 <unknown>\n#20 0x55de6f2d4059 <unknown>\n#21 0x55de6f2e4843 <unknown>\n#22 0x7ff488094b43 <unknown>\n\n","statusTrace":"  File \"/home/runner/work/TestFolio/TestFolio/Main test/Test Elements Block/Test check box/test_step_expand_collapse.py\", line 62, in test_expand_collapse_tree\n    click_element(driver, 'xpath', buttons[\"downloads_folder\"])\n  File \"/home/runner/work/TestFolio/TestFolio/utils.py\", line 53, in click_element\n    raise e\n  File \"/home/runner/work/TestFolio/TestFolio/utils.py\", line 51, in click_element\n    element.click()\n  File \"/opt/hostedtoolcache/Python/3.11.5/x64/lib/python3.11/site-packages/selenium/webdriver/remote/webelement.py\", line 93, in click\n    self._execute(Command.CLICK_ELEMENT)\n  File \"/opt/hostedtoolcache/Python/3.11.5/x64/lib/python3.11/site-packages/selenium/webdriver/remote/webelement.py\", line 394, in _execute\n    return self._parent.execute(command, params)\n           ^^^^^^^^^^^^^^^^^^^^^^^^^^^^^^^^^^^^^\n  File \"/opt/hostedtoolcache/Python/3.11.5/x64/lib/python3.11/site-packages/selenium/webdriver/remote/webdriver.py\", line 344, in execute\n    self.error_handler.check_response(response)\n  File \"/opt/hostedtoolcache/Python/3.11.5/x64/lib/python3.11/site-packages/selenium/webdriver/remote/errorhandler.py\", line 229, in check_response\n    raise exception_class(message, screen, stacktrace)\n","steps":[],"attachments":[],"parameters":[],"attachmentsCount":0,"hasContent":true,"shouldDisplayMessage":true,"stepsCount":0}],"attachments":[{"uid":"ebe6626e1a44134a","name":"First level expanded tree (Home folder)","source":"ebe6626e1a44134a.attach","type":"image/png","size":255326},{"uid":"da24399a8d31c43d","name":"Second level expanded tree (Desktop folder)","source":"da24399a8d31c43d.attach","type":"image/png","size":258828},{"uid":"2d4179e6bfcbc744","name":"Second level expanded tree (Documents folder)","source":"2d4179e6bfcbc744.attach","type":"image/png","size":256401}],"parameters":[],"attachmentsCount":3,"hasContent":true,"shouldDisplayMessage":true,"stepsCount":4},"afterStages":[{"name":"setup::0","time":{"start":1697477144868,"stop":1697477144926,"duration":58},"status":"passed","steps":[],"attachments":[],"parameters":[],"attachmentsCount":0,"hasContent":false,"shouldDisplayMessage":false,"stepsCount":0}],"labels":[{"name":"epic","value":"Checkbox expand testing"},{"name":"parentSuite","value":"Main test.Test Elements Block.Test check box"},{"name":"suite","value":"test_step_expand_collapse"},{"name":"subSuite","value":"TestCheckbox"},{"name":"host","value":"fv-az572-57"},{"name":"thread","value":"3860-MainThread"},{"name":"framework","value":"pytest"},{"name":"language","value":"cpython3"},{"name":"package","value":"Main test.Test Elements Block.Test check box.test_step_expand_collapse"},{"name":"resultFormat","value":"allure2"}],"parameters":[],"links":[],"hidden":false,"retry":false,"extra":{"severity":"normal","retries":[],"categories":[{"name":"Test defects","matchedStatuses":[],"flaky":false}],"history":{"statistic":{"failed":0,"broken":2,"skipped":0,"passed":0,"unknown":0,"total":2},"items":[{"uid":"18a4abff0cf0b558","reportUrl":"https://IsidID.github.io/TestFolio/99//#testresult/18a4abff0cf0b558","status":"broken","statusDetails":"selenium.common.exceptions.SessionNotCreatedException: Message: session not created: Chrome failed to start: exited normally.\n  (session not created: DevToolsActivePort file doesn't exist)\n  (The process started from chrome location /opt/google/chrome/chrome is no longer running, so ChromeDriver is assuming that Chrome has crashed.)\nStacktrace:\n#0 0x5588afb1c933 <unknown>\n#1 0x5588af7f66f7 <unknown>\n#2 0x5588af829a55 <unknown>\n#3 0x5588af825bbc <unknown>\n#4 0x5588af86877a <unknown>\n#5 0x5588af85f3d3 <unknown>\n#6 0x5588af831e64 <unknown>\n#7 0x5588af832c4e <unknown>\n#8 0x5588afae2558 <unknown>\n#9 0x5588afae64a0 <unknown>\n#10 0x5588afaf097c <unknown>\n#11 0x5588afae70b8 <unknown>\n#12 0x5588afab2cdf <unknown>\n#13 0x5588afb0b048 <unknown>\n#14 0x5588afb0b219 <unknown>\n#15 0x5588afb1bac3 <unknown>\n#16 0x7ff61ee94b43 <unknown>","time":{"start":1697476738437,"stop":1697476738437,"duration":0}}]},"tags":[]},"source":"50e6637481d23821.json","parameterValues":[]}